Flow report for final_project
Fri May 01 11:20:49 2015
Quartus II 64-Bit Version 14.1.0 Build 186 12/03/2014 SJ Web Edition


---------------------
; Table of Contents ;
---------------------
  1. Legal Notice
  2. Flow Summary
  3. Flow Settings
  4. Flow Non-Default Global Settings
  5. Flow Elapsed Time
  6. Flow OS Summary
  7. Flow Log
  8. Flow Messages
  9. Flow Suppressed Messages



----------------
; Legal Notice ;
----------------
Copyright (C) 1991-2014 Altera Corporation. All rights reserved.
Your use of Altera Corporation's design tools, logic functions 
and other software and tools, and its AMPP partner logic 
functions, and any output files from any of the foregoing 
(including device programming or simulation files), and any 
associated documentation or information are expressly subject 
to the terms and conditions of the Altera Program License 
Subscription Agreement, the Altera Quartus II License Agreement,
the Altera MegaCore Function License Agreement, or other 
applicable license agreement, including, without limitation, 
that your use is for the sole purpose of programming logic 
devices manufactured by Altera and sold by Altera or its 
authorized distributors.  Please refer to the applicable 
agreement for further details.



+---------------------------------------------------------------------------------+
; Flow Summary                                                                    ;
+------------------------------------+--------------------------------------------+
; Flow Status                        ; Successful - Fri May 01 11:20:49 2015      ;
; Quartus II 64-Bit Version          ; 14.1.0 Build 186 12/03/2014 SJ Web Edition ;
; Revision Name                      ; final_project                              ;
; Top-level Entity Name              ; final_project                              ;
; Family                             ; Cyclone IV E                               ;
; Device                             ; EP4CE115F29C7                              ;
; Timing Models                      ; Final                                      ;
; Total logic elements               ; 4,011 / 114,480 ( 4 % )                    ;
;     Total combinational functions  ; 3,245 / 114,480 ( 3 % )                    ;
;     Dedicated logic registers      ; 2,723 / 114,480 ( 2 % )                    ;
; Total registers                    ; 2842                                       ;
; Total pins                         ; 179 / 529 ( 34 % )                         ;
; Total virtual pins                 ; 0                                          ;
; Total memory bits                  ; 19,584 / 3,981,312 ( < 1 % )               ;
; Embedded Multiplier 9-bit elements ; 0 / 532 ( 0 % )                            ;
; Total PLLs                         ; 2 / 4 ( 50 % )                             ;
+------------------------------------+--------------------------------------------+


+-----------------------------------------+
; Flow Settings                           ;
+-------------------+---------------------+
; Option            ; Setting             ;
+-------------------+---------------------+
; Start date & time ; 05/01/2015 11:12:35 ;
; Main task         ; Compilation         ;
; Revision Name     ; final_project       ;
+-------------------+---------------------+


+----------------------------------------------------------------------------------------------------------------------------------------------------------------+
; Flow Non-Default Global Settings                                                                                                                               ;
+-------------------------------------+---------------------------------------------------------------------+---------------+-------------------+----------------+
; Assignment Name                     ; Value                                                               ; Default Value ; Entity Name       ; Section Id     ;
+-------------------------------------+---------------------------------------------------------------------+---------------+-------------------+----------------+
; COMPILER_SIGNATURE_ID               ; 75236406705509.143049675410900                                      ; --            ; --                ; --             ;
; EDA_OUTPUT_DATA_FORMAT              ; Systemverilog Hdl                                                   ; --            ; --                ; eda_simulation ;
; EDA_SIMULATION_TOOL                 ; ModelSim-Altera (SystemVerilog)                                     ; <None>        ; --                ; --             ;
; MAX_CORE_JUNCTION_TEMP              ; 85                                                                  ; --            ; --                ; --             ;
; MIN_CORE_JUNCTION_TEMP              ; 0                                                                   ; --            ; --                ; --             ;
; MISC_FILE                           ; final_project_soc/synthesis/../final_project_soc.cmp                ; --            ; --                ; --             ;
; MISC_FILE                           ; final_project_soc/synthesis/../../final_project_soc.qsys            ; --            ; --                ; --             ;
; NOMINAL_CORE_SUPPLY_VOLTAGE         ; 1.2V                                                                ; --            ; --                ; --             ;
; PARTITION_COLOR                     ; 16764057                                                            ; --            ; --                ; Top            ;
; PARTITION_FITTER_PRESERVATION_LEVEL ; PLACEMENT_AND_ROUTING                                               ; --            ; --                ; Top            ;
; PARTITION_NETLIST_TYPE              ; SOURCE                                                              ; --            ; --                ; Top            ;
; POWER_BOARD_THERMAL_MODEL           ; None (CONSERVATIVE)                                                 ; --            ; --                ; --             ;
; POWER_PRESET_COOLING_SOLUTION       ; 23 MM HEAT SINK WITH 200 LFPM AIRFLOW                               ; --            ; --                ; --             ;
; PROJECT_OUTPUT_DIRECTORY            ; output_files                                                        ; --            ; --                ; --             ;
; SLD_FILE                            ; final_project_soc/synthesis/final_project_soc.regmap                ; --            ; --                ; --             ;
; SLD_FILE                            ; final_project_soc/synthesis/final_project_soc.debuginfo             ; --            ; --                ; --             ;
; SLD_INFO                            ; QSYS_NAME final_project_soc HAS_SOPCINFO 1 GENERATION_ID 1430454220 ; --            ; final_project_soc ; --             ;
; SOPCINFO_FILE                       ; final_project_soc/synthesis/../../final_project_soc.sopcinfo        ; --            ; --                ; --             ;
; SYNTHESIS_ONLY_QIP                  ; On                                                                  ; --            ; --                ; --             ;
+-------------------------------------+---------------------------------------------------------------------+---------------+-------------------+----------------+


+-------------------------------------------------------------------------------------------------------------------------------+
; Flow Elapsed Time                                                                                                             ;
+---------------------------+--------------+-------------------------+---------------------+------------------------------------+
; Module Name               ; Elapsed Time ; Average Processors Used ; Peak Virtual Memory ; Total CPU Time (on all processors) ;
+---------------------------+--------------+-------------------------+---------------------+------------------------------------+
; Analysis & Synthesis      ; 00:02:41     ; 1.0                     ; 836 MB              ; 00:03:45                           ;
; Fitter                    ; 00:02:59     ; 1.2                     ; 1367 MB             ; 00:03:11                           ;
; Assembler                 ; 00:00:31     ; 1.0                     ; 614 MB              ; 00:00:29                           ;
; TimeQuest Timing Analyzer ; 00:00:30     ; 1.1                     ; 794 MB              ; 00:00:28                           ;
; EDA Netlist Writer        ; 00:00:44     ; 1.0                     ; 634 MB              ; 00:00:38                           ;
; Total                     ; 00:07:25     ; --                      ; --                  ; 00:08:31                           ;
+---------------------------+--------------+-------------------------+---------------------+------------------------------------+


+----------------------------------------------------------------------------------------+
; Flow OS Summary                                                                        ;
+---------------------------+------------------+-----------+------------+----------------+
; Module Name               ; Machine Hostname ; OS Name   ; OS Version ; Processor type ;
+---------------------------+------------------+-----------+------------+----------------+
; Analysis & Synthesis      ; Alberto-PC       ; Windows 7 ; 6.2        ; x86_64         ;
; Fitter                    ; Alberto-PC       ; Windows 7 ; 6.2        ; x86_64         ;
; Assembler                 ; Alberto-PC       ; Windows 7 ; 6.2        ; x86_64         ;
; TimeQuest Timing Analyzer ; Alberto-PC       ; Windows 7 ; 6.2        ; x86_64         ;
; EDA Netlist Writer        ; Alberto-PC       ; Windows 7 ; 6.2        ; x86_64         ;
+---------------------------+------------------+-----------+------------+----------------+


------------
; Flow Log ;
------------
quartus_map --read_settings_files=on --write_settings_files=off final_project -c final_project
quartus_fit --read_settings_files=off --write_settings_files=off final_project -c final_project
quartus_asm --read_settings_files=off --write_settings_files=off final_project -c final_project
quartus_sta final_project -c final_project
quartus_eda --read_settings_files=off --write_settings_files=off final_project -c final_project



